[dotenv@17.3.1] injecting env (3) from .env -- tip: 🛠️  run anywhere with `dotenvx run -- yourcommand`
[dotenv@17.3.1] injecting env (0) from .env -- tip: ⚙️  load multiple .env files with { path: ['.env.local', '.env'] }
node:internal/modules/cjs/loader:1252
  throw err;
  ^

Error: Cannot find module '../middlewares/auth'
Require stack:
- /Users/tho/Desktop/Project_LK/backend/src/api/routes/notificationRoutes.js
- /Users/tho/Desktop/Project_LK/backend/src/app.js
    at Function._resolveFilename (node:internal/modules/cjs/loader:1249:15)
    at Function._load (node:internal/modules/cjs/loader:1075:27)
    at TracingChannel.traceSync (node:diagnostics_channel:315:14)
    at wrapModuleLoad (node:internal/modules/cjs/loader:218:24)
    at Module.require (node:internal/modules/cjs/loader:1340:12)
    at require (node:internal/modules/helpers:141:16)
    at Object.<anonymous> (/Users/tho/Desktop/Project_LK/backend/src/api/routes/notificationRoutes.js:4:24)
    at Module._compile (node:internal/modules/cjs/loader:1546:14)
    at Object..js (node:internal/modules/cjs/loader:1689:10)
    at Module.load (node:internal/modules/cjs/loader:1318:32) {
  code: 'MODULE_NOT_FOUND',
  requireStack: [
    '/Users/tho/Desktop/Project_LK/backend/src/api/routes/notificationRoutes.js',
    '/Users/tho/Desktop/Project_LK/backend/src/app.js'
  ]
}

Node.js v22.11.0
